app/build/intermediates/manifest_merge_blame_file/debug/manifest-merger-blame-debug-report.txt
1<?xml version="1.0" encoding="utf-8"?>
2<manifest xmlns:android="http://schemas.android.com/apk/res/android"
3    package="com.shakbari.compose"
4    android:versionCode="1"
5    android:versionName="1.0" >
6
7    <uses-sdk
8        android:minSdkVersion="21"
8-->src\main\AndroidManifest.xml
9        android:targetSdkVersion="31" />
9-->src\main\AndroidManifest.xml
10
11    <uses-permission android:name="android.permission.ACCESS_NETWORK_STATE" />
11-->src\main\AndroidManifest.xml:4:5-79
11-->src\main\AndroidManifest.xml:4:22-76
12    <uses-permission android:name="android.permission.CHANGE_NETWORK_STATE" />
12-->src\main\AndroidManifest.xml:5:5-79
12-->src\main\AndroidManifest.xml:5:22-76
13    <uses-permission android:name="android.permission.INTERNET" />
13-->src\main\AndroidManifest.xml:6:5-67
13-->src\main\AndroidManifest.xml:6:22-64
14
15    <application
15-->src\main\AndroidManifest.xml:8:5-27:19
16        android:name="com.shakbari.compose.App"
16-->src\main\AndroidManifest.xml:9:9-48
17        android:allowBackup="true"
17-->src\main\AndroidManifest.xml:10:9-35
18        android:appComponentFactory="androidx.core.app.CoreComponentFactory"
18-->[androidx.core:core:1.7.0] AndroidManifest.xml:24:18-86
19        android:debuggable="true"
20        android:icon="@mipmap/ic_launcher"
20-->src\main\AndroidManifest.xml:11:9-43
21        android:label="@string/app_name"
21-->src\main\AndroidManifest.xml:12:9-41
22        android:roundIcon="@mipmap/ic_launcher_round"
22-->src\main\AndroidManifest.xml:13:9-54
23        android:supportsRtl="true"
23-->src\main\AndroidManifest.xml:14:9-35
24        android:testOnly="true"
25        android:theme="@style/Theme.ComposeBase" >
25-->src\main\AndroidManifest.xml:15:9-49
26        <activity
26-->src\main\AndroidManifest.xml:16:9-26:20
27            android:name="com.shakbari.compose.MainActivity"
27-->src\main\AndroidManifest.xml:17:13-61
28            android:exported="true"
28-->src\main\AndroidManifest.xml:18:13-36
29            android:label="@string/app_name"
29-->src\main\AndroidManifest.xml:19:13-45
30            android:theme="@style/Theme.ComposeBase.NoActionBar" >
30-->src\main\AndroidManifest.xml:20:13-65
31            <intent-filter>
31-->src\main\AndroidManifest.xml:21:13-25:29
32                <action android:name="android.intent.action.MAIN" />
32-->src\main\AndroidManifest.xml:22:17-69
32-->src\main\AndroidManifest.xml:22:25-66
33
34                <category android:name="android.intent.category.LAUNCHER" />
34-->src\main\AndroidManifest.xml:24:17-77
34-->src\main\AndroidManifest.xml:24:27-74
35            </intent-filter>
36        </activity>
37        <activity
37-->[androidx.compose.ui:ui-tooling:1.0.4] AndroidManifest.xml:25:9-27:39
38            android:name="androidx.compose.ui.tooling.PreviewActivity"
38-->[androidx.compose.ui:ui-tooling:1.0.4] AndroidManifest.xml:26:13-71
39            android:exported="true" />
39-->[androidx.compose.ui:ui-tooling:1.0.4] AndroidManifest.xml:27:13-36
40
41        <provider
41-->[androidx.profileinstaller:profileinstaller:1.0.4] AndroidManifest.xml:26:9-34:20
42            android:name="androidx.startup.InitializationProvider"
42-->[androidx.profileinstaller:profileinstaller:1.0.4] AndroidManifest.xml:27:13-67
43            android:authorities="com.shakbari.compose.androidx-startup"
43-->[androidx.profileinstaller:profileinstaller:1.0.4] AndroidManifest.xml:28:13-68
44            android:exported="false" >
44-->[androidx.profileinstaller:profileinstaller:1.0.4] AndroidManifest.xml:29:13-37
45            <meta-data
45-->[androidx.profileinstaller:profileinstaller:1.0.4] AndroidManifest.xml:31:13-33:52
46                android:name="androidx.profileinstaller.ProfileInstallerInitializer"
46-->[androidx.profileinstaller:profileinstaller:1.0.4] AndroidManifest.xml:32:17-85
47                android:value="androidx.startup" />
47-->[androidx.profileinstaller:profileinstaller:1.0.4] AndroidManifest.xml:33:17-49
48        </provider>
49
50        <receiver
50-->[androidx.profileinstaller:profileinstaller:1.0.4] AndroidManifest.xml:36:9-45:20
51            android:name="androidx.profileinstaller.ProfileInstallReceiver"
51-->[androidx.profileinstaller:profileinstaller:1.0.4] AndroidManifest.xml:37:13-76
52            android:directBootAware="false"
52-->[androidx.profileinstaller:profileinstaller:1.0.4] AndroidManifest.xml:38:13-44
53            android:enabled="true"
53-->[androidx.profileinstaller:profileinstaller:1.0.4] AndroidManifest.xml:39:13-35
54            android:exported="true"
54-->[androidx.profileinstaller:profileinstaller:1.0.4] AndroidManifest.xml:40:13-36
55            android:permission="android.permission.DUMP" >
55-->[androidx.profileinstaller:profileinstaller:1.0.4] AndroidManifest.xml:41:13-57
56            <intent-filter>
56-->[androidx.profileinstaller:profileinstaller:1.0.4] AndroidManifest.xml:42:13-44:29
57                <action android:name="androidx.profileinstaller.action.INSTALL_PROFILE" />
57-->[androidx.profileinstaller:profileinstaller:1.0.4] AndroidManifest.xml:43:17-91
57-->[androidx.profileinstaller:profileinstaller:1.0.4] AndroidManifest.xml:43:25-88
58            </intent-filter>
59        </receiver>
60    </application>
61
62</manifest>